
[10/09/2018 @ 01:47:20 AM EDT] [INFO] [@DB\DB_INIT]: Starting Database Initialization...
[10/09/2018 @ 01:47:20 AM EDT] [INFO] [@DB\DB_INIT]: Opening/creating database "hope2finish-prj.db"...
[10/09/2018 @ 01:47:20 AM EDT] [INFO] [@DB\DB_INIT]: Creating "users" table...
[10/09/2018 @ 01:47:20 AM EDT] [INFO] [@DB\DB_INIT]: Success.
[10/09/2018 @ 01:47:20 AM EDT] [INFO] [@DB\DB_INIT]: Closing database connection...
[10/09/2018 @ 01:47:20 AM EDT] [INFO] [@DB\DB_INIT]: Successfully closed database connection.
[10/09/2018 @ 01:47:20 AM EDT] [INFO] [@DB\DB_INIT]: Finished Database Initialization.
[10/09/2018 @ 01:47:20 AM EDT] [INFO] [@DB\DB_INIT]: ============ Database Initialization: 1 succeeded, 0 failed, 0 warning(s) ============
[10/09/2018 @ 01:47:20 AM EDT] [INFO] [@DB\CREATE_USER]: Starting User Account Creation...
[10/09/2018 @ 01:47:20 AM EDT] [INFO] [@DB\CREATE_USER]: ----------------------------------------------------------------------
[10/09/2018 @ 01:47:20 AM EDT] [INFO] [@DB\CREATE_USER]: This operation will attempt to create the following user account:
[10/09/2018 @ 01:47:20 AM EDT] [INFO] [@DB\CREATE_USER]:  -- Username["user12345"]
[10/09/2018 @ 01:47:20 AM EDT] [INFO] [@DB\CREATE_USER]:  -- Email["test_email@something.com"]
[10/09/2018 @ 01:47:20 AM EDT] [INFO] [@DB\CREATE_USER]: ----------------------------------------------------------------------
[10/09/2018 @ 01:47:20 AM EDT] [INFO] [@DB\CREATE_USER]: Opening/creating database "hope2finish-prj.db"...
[10/09/2018 @ 01:47:20 AM EDT] [INFO] [@DB\CREATE_USER]: User account successfully created.
[10/09/2018 @ 01:47:20 AM EDT] [INFO] [@DB\CREATE_USER]: Closing database connection...
[10/09/2018 @ 01:47:20 AM EDT] [INFO] [@DB\CREATE_USER]: Successfully closed database connection.
[10/09/2018 @ 01:47:20 AM EDT] [INFO] [@DB\CREATE_USER]: Finished User Account Creation.
[10/09/2018 @ 01:47:20 AM EDT] [INFO] [@DB\CREATE_USER]: ============ User Account Creation: 1 succeeded, 0 failed, 0 warning(s) ============
[10/09/2018 @ 01:47:20 AM EDT] [INFO] [@DB\CREATE_USER]: Starting User Account Creation...
[10/09/2018 @ 01:47:20 AM EDT] [INFO] [@DB\CREATE_USER]: ----------------------------------------------------------------------
[10/09/2018 @ 01:47:20 AM EDT] [INFO] [@DB\CREATE_USER]: This operation will attempt to create the following user account:
[10/09/2018 @ 01:47:20 AM EDT] [INFO] [@DB\CREATE_USER]:  -- Username["user12345"]
[10/09/2018 @ 01:47:20 AM EDT] [INFO] [@DB\CREATE_USER]:  -- Email["test_email2@something.com"]
[10/09/2018 @ 01:47:20 AM EDT] [INFO] [@DB\CREATE_USER]: ----------------------------------------------------------------------
[10/09/2018 @ 01:47:20 AM EDT] [INFO] [@DB\CREATE_USER]: Opening/creating database "hope2finish-prj.db"...
[10/09/2018 @ 01:47:20 AM EDT] [ERROR] [@DB\CREATE_USER]: A user account with the same username (id: 1) already exists.
[10/09/2018 @ 01:47:20 AM EDT] [INFO] [@DB\CREATE_USER]: Closing database connection...
[10/09/2018 @ 01:47:20 AM EDT] [INFO] [@DB\CREATE_USER]: Successfully closed database connection.
[10/09/2018 @ 01:47:20 AM EDT] [INFO] [@DB\CREATE_USER]: Finished User Account Creation.
[10/09/2018 @ 01:47:20 AM EDT] [INFO] [@DB\CREATE_USER]: ============ User Account Creation: 0 succeeded, 1 failed, 0 warning(s) ============
[10/09/2018 @ 01:47:20 AM EDT] [INFO] [@DB\CREATE_USER]: Starting User Account Creation...
[10/09/2018 @ 01:47:20 AM EDT] [INFO] [@DB\CREATE_USER]: ----------------------------------------------------------------------
[10/09/2018 @ 01:47:20 AM EDT] [INFO] [@DB\CREATE_USER]: This operation will attempt to create the following user account:
[10/09/2018 @ 01:47:20 AM EDT] [INFO] [@DB\CREATE_USER]:  -- Username["user67890"]
[10/09/2018 @ 01:47:20 AM EDT] [INFO] [@DB\CREATE_USER]:  -- Email["test_email2@something.com"]
[10/09/2018 @ 01:47:20 AM EDT] [INFO] [@DB\CREATE_USER]: ----------------------------------------------------------------------
[10/09/2018 @ 01:47:20 AM EDT] [INFO] [@DB\CREATE_USER]: Opening/creating database "hope2finish-prj.db"...
[10/09/2018 @ 01:47:20 AM EDT] [INFO] [@DB\CREATE_USER]: User account successfully created.
[10/09/2018 @ 01:47:20 AM EDT] [INFO] [@DB\CREATE_USER]: Closing database connection...
[10/09/2018 @ 01:47:20 AM EDT] [INFO] [@DB\CREATE_USER]: Successfully closed database connection.
[10/09/2018 @ 01:47:20 AM EDT] [INFO] [@DB\CREATE_USER]: Finished User Account Creation.
[10/09/2018 @ 01:47:20 AM EDT] [INFO] [@DB\CREATE_USER]: ============ User Account Creation: 1 succeeded, 0 failed, 0 warning(s) ============
[10/09/2018 @ 03:01:49 AM EDT] [INFO] [@SYSTEM\LOG]: Fetching registration form data...
[10/09/2018 @ 03:01:49 AM EDT] [INFO] [@SYSTEM\LOG]: ... [OK]
[10/09/2018 @ 03:01:49 AM EDT] [INFO] [@SYSTEM\LOG]: Generating password hash...
[10/09/2018 @ 03:01:50 AM EDT] [INFO] [@SYSTEM\LOG]: ... [OK]
[10/09/2018 @ 03:01:50 AM EDT] [INFO] [@DB\CREATE_USER]: Starting User Account Creation...
[10/09/2018 @ 03:01:50 AM EDT] [ERROR] [@DB\CREATE_USER]: One or more null or empty values provided. Operation terminated.
[10/09/2018 @ 03:05:32 AM EDT] [INFO] [@SYSTEM\LOG]: Fetching registration form data...
[10/09/2018 @ 03:05:32 AM EDT] [INFO] [@SYSTEM\LOG]: ... [OK]
[10/09/2018 @ 03:05:32 AM EDT] [INFO] [@SYSTEM\LOG]: ; ; 
[10/09/2018 @ 03:05:32 AM EDT] [INFO] [@SYSTEM\LOG]: Generating password hash...
[10/09/2018 @ 03:05:32 AM EDT] [INFO] [@SYSTEM\LOG]: ... [OK]
[10/09/2018 @ 03:05:32 AM EDT] [INFO] [@DB\CREATE_USER]: Starting User Account Creation...
[10/09/2018 @ 03:05:32 AM EDT] [ERROR] [@DB\CREATE_USER]: One or more null or empty values provided. Operation terminated.
[10/09/2018 @ 03:07:23 AM EDT] [INFO] [@SYSTEM\LOG]: Fetching registration form data...
[10/09/2018 @ 03:07:23 AM EDT] [INFO] [@SYSTEM\LOG]: ... [OK]
[10/09/2018 @ 03:07:23 AM EDT] [INFO] [@SYSTEM\LOG]: ; ; 
[10/09/2018 @ 03:07:23 AM EDT] [INFO] [@SYSTEM\LOG]: Generating password hash...
[10/09/2018 @ 03:07:23 AM EDT] [INFO] [@SYSTEM\LOG]: ... [OK]
[10/09/2018 @ 03:07:23 AM EDT] [INFO] [@DB\CREATE_USER]: Starting User Account Creation...
[10/09/2018 @ 03:07:23 AM EDT] [ERROR] [@DB\CREATE_USER]: One or more null or empty values provided. Operation terminated.
[10/09/2018 @ 03:09:41 AM EDT] [INFO] [@SYSTEM\LOG]: Fetching registration form data...
[10/09/2018 @ 03:09:41 AM EDT] [INFO] [@SYSTEM\LOG]: ... [OK]
[10/09/2018 @ 03:09:41 AM EDT] [INFO] [@SYSTEM\LOG]: user12345@something.com; testuser; 123456789
[10/09/2018 @ 03:09:41 AM EDT] [INFO] [@SYSTEM\LOG]: Generating password hash...
[10/09/2018 @ 03:09:41 AM EDT] [INFO] [@SYSTEM\LOG]: ... [OK]
[10/09/2018 @ 03:09:41 AM EDT] [INFO] [@DB\CREATE_USER]: Starting User Account Creation...
[10/09/2018 @ 03:09:41 AM EDT] [INFO] [@DB\CREATE_USER]: ----------------------------------------------------------------------
[10/09/2018 @ 03:09:41 AM EDT] [INFO] [@DB\CREATE_USER]: This operation will attempt to create the following user account:
[10/09/2018 @ 03:09:41 AM EDT] [INFO] [@DB\CREATE_USER]:  -- Username["testuser"]
[10/09/2018 @ 03:09:41 AM EDT] [INFO] [@DB\CREATE_USER]:  -- Email["user12345@something.com"]
[10/09/2018 @ 03:09:41 AM EDT] [INFO] [@DB\CREATE_USER]: ----------------------------------------------------------------------
[10/09/2018 @ 03:09:41 AM EDT] [INFO] [@DB\CREATE_USER]: Opening/creating database "hope2finish-prj.db"...
[10/09/2018 @ 03:09:41 AM EDT] [INFO] [@DB\CREATE_USER]: User account successfully created.
[10/09/2018 @ 03:09:41 AM EDT] [INFO] [@DB\CREATE_USER]: Closing database connection...
[10/09/2018 @ 03:09:41 AM EDT] [INFO] [@DB\CREATE_USER]: Successfully closed database connection.
[10/09/2018 @ 03:09:41 AM EDT] [INFO] [@DB\CREATE_USER]: Finished User Account Creation.
[10/09/2018 @ 03:09:41 AM EDT] [INFO] [@DB\CREATE_USER]: ============ User Account Creation: 1 succeeded, 0 failed, 0 warning(s) ============